<?xml version="1.0" encoding="UTF-8"?>
<robot generator="Robot 3.0.2 (Python 3.6.3 on win32)" generated="20180310 22:52:16.973">
<suite id="s1" name="Test If" source="D:\github\guest2\tests\rf_test\test_if.robot">
<test id="s1-t1" name="test_get_event_list">
<kw name="Create Dictionary" library="BuiltIn">
<doc>Creates and returns a dictionary based on the given ``items``.</doc>
<arguments>
<arg>eid=1</arg>
</arguments>
<assign>
<var>${payload}</var>
</assign>
<msg timestamp="20180310 22:52:17.242" level="INFO">${payload} = {'eid': '1'}</msg>
<status status="PASS" starttime="20180310 22:52:17.242" endtime="20180310 22:52:17.242"></status>
</kw>
<kw name="Create Session" library="RequestsLibrary">
<doc>Create Session: create a HTTP session to a server</doc>
<arguments>
<arg>event</arg>
<arg>http://127.0.0.1:8000/api</arg>
</arguments>
<msg timestamp="20180310 22:52:17.243" level="INFO">Creating Session using : alias=event, url=http://127.0.0.1:8000/api, headers={},                     cookies=None, auth=None, timeout=None, proxies=None, verify=False,                     debug=0 </msg>
<status status="PASS" starttime="20180310 22:52:17.242" endtime="20180310 22:52:17.243"></status>
</kw>
<kw name="Get Request" library="RequestsLibrary">
<doc>Send a GET request on the session object found using the</doc>
<arguments>
<arg>event</arg>
<arg>/get_event_list/</arg>
<arg>params=${payload}</arg>
</arguments>
<assign>
<var>${r}</var>
</assign>
<msg timestamp="20180310 22:52:17.253" level="INFO">Get Request using : alias=event, uri=/get_event_list/, headers=None json=None</msg>
<msg timestamp="20180310 22:52:17.253" level="INFO">${r} = &lt;Response [200]&gt;</msg>
<status status="PASS" starttime="20180310 22:52:17.243" endtime="20180310 22:52:17.253"></status>
</kw>
<kw name="Should Be Equal As Strings" library="BuiltIn">
<doc>Fails if objects are unequal after converting them to strings.</doc>
<arguments>
<arg>${r.status_code}</arg>
<arg>200</arg>
</arguments>
<msg timestamp="20180310 22:52:17.254" level="INFO">Argument types are:
&lt;class 'int'&gt;
&lt;type 'unicode'&gt;</msg>
<status status="PASS" starttime="20180310 22:52:17.253" endtime="20180310 22:52:17.254"></status>
</kw>
<kw name="Log" library="BuiltIn">
<doc>Logs the given message with the given level.</doc>
<arguments>
<arg>${r.json()}</arg>
</arguments>
<msg timestamp="20180310 22:52:17.255" level="INFO">{'status': 200, 'message': 'success', 'data': {'eid': 1, 'name': '小米7发布会', 'limit': 2000, 'status': True, 'address': '北京', 'start_time': '2018-01-30T14:00:00'}}</msg>
<status status="PASS" starttime="20180310 22:52:17.254" endtime="20180310 22:52:17.255"></status>
</kw>
<kw name="Set Variable" library="BuiltIn">
<doc>Returns the given values which can then be assigned to a variables.</doc>
<arguments>
<arg>${r.json()}</arg>
</arguments>
<assign>
<var>${dict}</var>
</assign>
<msg timestamp="20180310 22:52:17.256" level="INFO">${dict} = {'status': 200, 'message': 'success', 'data': {'eid': 1, 'name': '小米7发布会', 'limit': 2000, 'status': True, 'address': '北京', 'start_time': '2018-01-30T14:00:00'}}</msg>
<status status="PASS" starttime="20180310 22:52:17.255" endtime="20180310 22:52:17.256"></status>
</kw>
<kw name="Get From Dictionary" library="Collections">
<doc>Returns a value from the given ``dictionary`` based on the given ``key``.</doc>
<arguments>
<arg>${dict}</arg>
<arg>message</arg>
</arguments>
<assign>
<var>${msg}</var>
</assign>
<msg timestamp="20180310 22:52:17.256" level="INFO">${msg} = success</msg>
<status status="PASS" starttime="20180310 22:52:17.256" endtime="20180310 22:52:17.256"></status>
</kw>
<kw name="Should Be Equal" library="BuiltIn">
<doc>Fails if the given objects are unequal.</doc>
<arguments>
<arg>${msg}</arg>
<arg>success</arg>
</arguments>
<status status="PASS" starttime="20180310 22:52:17.256" endtime="20180310 22:52:17.257"></status>
</kw>
<kw name="Get From Dictionary" library="Collections">
<doc>Returns a value from the given ``dictionary`` based on the given ``key``.</doc>
<arguments>
<arg>${dict}</arg>
<arg>status</arg>
</arguments>
<assign>
<var>${sta}</var>
</assign>
<msg timestamp="20180310 22:52:17.257" level="INFO">${sta} = 200</msg>
<status status="PASS" starttime="20180310 22:52:17.257" endtime="20180310 22:52:17.257"></status>
</kw>
<kw name="Evaluate" library="BuiltIn">
<doc>Evaluates the given expression in Python and returns the results.</doc>
<arguments>
<arg>int(200)</arg>
</arguments>
<assign>
<var>${status}</var>
</assign>
<msg timestamp="20180310 22:52:17.258" level="INFO">${status} = 200</msg>
<status status="PASS" starttime="20180310 22:52:17.258" endtime="20180310 22:52:17.258"></status>
</kw>
<kw name="Should Be Equal" library="BuiltIn">
<doc>Fails if the given objects are unequal.</doc>
<arguments>
<arg>${sta}</arg>
<arg>${status}</arg>
</arguments>
<status status="PASS" starttime="20180310 22:52:17.258" endtime="20180310 22:52:17.258"></status>
</kw>
<status status="PASS" starttime="20180310 22:52:17.240" endtime="20180310 22:52:17.258" critical="yes"></status>
</test>
<test id="s1-t2" name="test_add_event">
<kw name="Create Session" library="RequestsLibrary">
<doc>Create Session: create a HTTP session to a server</doc>
<arguments>
<arg>event</arg>
<arg>http://127.0.0.1:8000/api</arg>
</arguments>
<msg timestamp="20180310 22:52:17.260" level="INFO">Creating Session using : alias=event, url=http://127.0.0.1:8000/api, headers={},                     cookies=None, auth=None, timeout=None, proxies=None, verify=False,                     debug=0 </msg>
<status status="PASS" starttime="20180310 22:52:17.260" endtime="20180310 22:52:17.260"></status>
</kw>
<kw name="Create Dictionary" library="BuiltIn">
<doc>Creates and returns a dictionary based on the given ``items``.</doc>
<arguments>
<arg>Content-Type=application/x-www-form-urlencoded</arg>
</arguments>
<assign>
<var>&amp;{headers}</var>
</assign>
<msg timestamp="20180310 22:52:17.260" level="INFO">&amp;{headers} = { Content-Type=application/x-www-form-urlencoded }</msg>
<status status="PASS" starttime="20180310 22:52:17.260" endtime="20180310 22:52:17.260"></status>
</kw>
<kw name="Create Dictionary" library="BuiltIn">
<doc>Creates and returns a dictionary based on the given ``items``.</doc>
<arguments>
<arg>eid=1</arg>
</arguments>
<assign>
<var>&amp;{payload}</var>
</assign>
<msg timestamp="20180310 22:52:17.261" level="INFO">&amp;{payload} = { eid=1 }</msg>
<status status="PASS" starttime="20180310 22:52:17.261" endtime="20180310 22:52:17.261"></status>
</kw>
<kw name="Post Request" library="RequestsLibrary">
<doc>Send a POST request on the session object found using the</doc>
<arguments>
<arg>event</arg>
<arg>/add_event/</arg>
<arg>data=${payload}</arg>
<arg>headers=${headers}</arg>
</arguments>
<assign>
<var>${r}</var>
</assign>
<msg timestamp="20180310 22:52:17.266" level="INFO">Post Request using : alias=event, uri=/add_event/, data=eid=1, headers={'Content-Type': 'application/x-www-form-urlencoded'}, files=None, allow_redirects=True </msg>
<msg timestamp="20180310 22:52:17.266" level="INFO">${r} = &lt;Response [200]&gt;</msg>
<status status="PASS" starttime="20180310 22:52:17.261" endtime="20180310 22:52:17.266"></status>
</kw>
<kw name="Should Be Equal As Strings" library="BuiltIn">
<doc>Fails if objects are unequal after converting them to strings.</doc>
<arguments>
<arg>${r.status_code}</arg>
<arg>200</arg>
</arguments>
<msg timestamp="20180310 22:52:17.266" level="INFO">Argument types are:
&lt;class 'int'&gt;
&lt;type 'unicode'&gt;</msg>
<status status="PASS" starttime="20180310 22:52:17.266" endtime="20180310 22:52:17.266"></status>
</kw>
<kw name="Log" library="BuiltIn">
<doc>Logs the given message with the given level.</doc>
<arguments>
<arg>${r.json()}</arg>
</arguments>
<msg timestamp="20180310 22:52:17.267" level="INFO">{'status': 10021, 'message': 'parameter error'}</msg>
<status status="PASS" starttime="20180310 22:52:17.267" endtime="20180310 22:52:17.267"></status>
</kw>
<kw name="Set Variable" library="BuiltIn">
<doc>Returns the given values which can then be assigned to a variables.</doc>
<arguments>
<arg>${r.json()}</arg>
</arguments>
<assign>
<var>${dict}</var>
</assign>
<msg timestamp="20180310 22:52:17.268" level="INFO">${dict} = {'status': 10021, 'message': 'parameter error'}</msg>
<status status="PASS" starttime="20180310 22:52:17.268" endtime="20180310 22:52:17.268"></status>
</kw>
<kw name="Get From Dictionary" library="Collections">
<doc>Returns a value from the given ``dictionary`` based on the given ``key``.</doc>
<arguments>
<arg>${dict}</arg>
<arg>message</arg>
</arguments>
<assign>
<var>${msg}</var>
</assign>
<msg timestamp="20180310 22:52:17.268" level="INFO">${msg} = parameter error</msg>
<status status="PASS" starttime="20180310 22:52:17.268" endtime="20180310 22:52:17.268"></status>
</kw>
<kw name="Should Be Equal" library="BuiltIn">
<doc>Fails if the given objects are unequal.</doc>
<arguments>
<arg>${msg}</arg>
<arg>parameter error</arg>
</arguments>
<status status="PASS" starttime="20180310 22:52:17.269" endtime="20180310 22:52:17.269"></status>
</kw>
<kw name="Get From Dictionary" library="Collections">
<doc>Returns a value from the given ``dictionary`` based on the given ``key``.</doc>
<arguments>
<arg>${dict}</arg>
<arg>status</arg>
</arguments>
<assign>
<var>${sta}</var>
</assign>
<msg timestamp="20180310 22:52:17.269" level="INFO">${sta} = 10021</msg>
<status status="PASS" starttime="20180310 22:52:17.269" endtime="20180310 22:52:17.269"></status>
</kw>
<kw name="Evaluate" library="BuiltIn">
<doc>Evaluates the given expression in Python and returns the results.</doc>
<arguments>
<arg>int(10021)</arg>
</arguments>
<assign>
<var>${status}</var>
</assign>
<msg timestamp="20180310 22:52:17.270" level="INFO">${status} = 10021</msg>
<status status="PASS" starttime="20180310 22:52:17.270" endtime="20180310 22:52:17.270"></status>
</kw>
<kw name="Should Be Equal" library="BuiltIn">
<doc>Fails if the given objects are unequal.</doc>
<arguments>
<arg>${sta}</arg>
<arg>${status}</arg>
</arguments>
<status status="PASS" starttime="20180310 22:52:17.270" endtime="20180310 22:52:17.270"></status>
</kw>
<status status="PASS" starttime="20180310 22:52:17.259" endtime="20180310 22:52:17.271" critical="yes"></status>
</test>
<status status="PASS" starttime="20180310 22:52:16.976" endtime="20180310 22:52:17.272"></status>
</suite>
<statistics>
<total>
<stat pass="2" fail="0">Critical Tests</stat>
<stat pass="2" fail="0">All Tests</stat>
</total>
<tag>
</tag>
<suite>
<stat pass="2" fail="0" id="s1" name="Test If">Test If</stat>
</suite>
</statistics>
<errors>
</errors>
</robot>
